[debug] [2024-03-17T19:09:18.848Z] ----------------------------------------------------------------------
[debug] [2024-03-17T19:09:18.852Z] Command:       C:\Program Files\nodejs\node.exe C:\Users\DELL\AppData\Roaming\npm\node_modules\firebase-tools\lib\bin\firebase.js serve
[debug] [2024-03-17T19:09:18.853Z] CLI Version:   13.4.1
[debug] [2024-03-17T19:09:18.853Z] Platform:      win32
[debug] [2024-03-17T19:09:18.853Z] Node Version:  v20.11.1
[debug] [2024-03-17T19:09:18.853Z] Time:          Mon Mar 18 2024 00:39:18 GMT+0530 (India Standard Time)
[debug] [2024-03-17T19:09:18.853Z] ----------------------------------------------------------------------
[debug] 
[debug] [2024-03-17T19:09:19.047Z] > command requires scopes: ["email","openid","https://www.googleapis.com/auth/cloudplatformprojects.readonly","https://www.googleapis.com/auth/firebase","https://www.googleapis.com/auth/cloud-platform"]
[debug] [2024-03-17T19:09:19.048Z] > authorizing via signed-in user (abhishek.pokhriyal8@gmail.com)
[debug] [2024-03-17T19:09:19.048Z] [iam] checking project e-commerce-clone-2 for permissions ["firebase.projects.get"]
[debug] [2024-03-17T19:09:19.049Z] > refreshing access token with scopes: []
[debug] [2024-03-17T19:09:19.052Z] >>> [apiv2][query] POST https://www.googleapis.com/oauth2/v3/token [none]
[debug] [2024-03-17T19:09:19.052Z] >>> [apiv2][body] POST https://www.googleapis.com/oauth2/v3/token [omitted]
[debug] [2024-03-17T19:09:19.294Z] <<< [apiv2][status] POST https://www.googleapis.com/oauth2/v3/token 200
[debug] [2024-03-17T19:09:19.295Z] <<< [apiv2][body] POST https://www.googleapis.com/oauth2/v3/token [omitted]
[debug] [2024-03-17T19:09:19.309Z] >>> [apiv2][query] POST https://cloudresourcemanager.googleapis.com/v1/projects/e-commerce-clone-2:testIamPermissions [none]
[debug] [2024-03-17T19:09:19.309Z] >>> [apiv2][(partial)header] POST https://cloudresourcemanager.googleapis.com/v1/projects/e-commerce-clone-2:testIamPermissions x-goog-quota-user=projects/e-commerce-clone-2
[debug] [2024-03-17T19:09:19.310Z] >>> [apiv2][body] POST https://cloudresourcemanager.googleapis.com/v1/projects/e-commerce-clone-2:testIamPermissions {"permissions":["firebase.projects.get"]}
[debug] [2024-03-17T19:09:20.872Z] <<< [apiv2][status] POST https://cloudresourcemanager.googleapis.com/v1/projects/e-commerce-clone-2:testIamPermissions 200
[debug] [2024-03-17T19:09:20.873Z] <<< [apiv2][body] POST https://cloudresourcemanager.googleapis.com/v1/projects/e-commerce-clone-2:testIamPermissions {"permissions":["firebase.projects.get"]}
[debug] [2024-03-17T19:09:20.875Z] >>> [apiv2][query] GET https://firebase.googleapis.com/v1beta1/projects/e-commerce-clone-2 [none]
[debug] [2024-03-17T19:09:21.308Z] <<< [apiv2][status] GET https://firebase.googleapis.com/v1beta1/projects/e-commerce-clone-2 200
[debug] [2024-03-17T19:09:21.309Z] <<< [apiv2][body] GET https://firebase.googleapis.com/v1beta1/projects/e-commerce-clone-2 {"projectId":"e-commerce-clone-2","projectNumber":"96925646877","displayName":"e-commerce-clone-2","name":"projects/e-commerce-clone-2","resources":{"hostingSite":"e-commerce-clone-2","realtimeDatabaseInstance":"e-commerce-clone-2-default-rtdb","storageBucket":"e-commerce-clone-2.appspot.com","locationId":"us-central"},"state":"ACTIVE","etag":"1_3c360192-cf2e-41ee-b673-d874bf853823"}
[info] 
[info] === Serving from 'C:\Users\DELL\Desktop\react-folder\amazon-clone-2\amazon-clone-2'...
[info] 
[debug] [2024-03-17T19:09:21.319Z] defaultcredentials: writing to file C:\Users\DELL\AppData\Roaming\firebase\abhishek_pokhriyal8_gmail.com_application_default_credentials.json
[debug] [2024-03-17T19:09:21.327Z] >>> [apiv2][query] GET https://firebasehosting.googleapis.com/v1beta1/projects/e-commerce-clone-2/sites 
[debug] [2024-03-17T19:09:21.331Z] Setting GAC to C:\Users\DELL\AppData\Roaming\firebase\abhishek_pokhriyal8_gmail.com_application_default_credentials.json {"metadata":{"emulator":{"name":"functions"},"message":"Setting GAC to C:\\Users\\DELL\\AppData\\Roaming\\firebase\\abhishek_pokhriyal8_gmail.com_application_default_credentials.json"}}
[debug] [2024-03-17T19:09:21.332Z] >>> [apiv2][query] GET https://firebase.googleapis.com/v1beta1/projects/e-commerce-clone-2/adminSdkConfig [none]
[debug] [2024-03-17T19:09:21.904Z] <<< [apiv2][status] GET https://firebase.googleapis.com/v1beta1/projects/e-commerce-clone-2/adminSdkConfig 200
[debug] [2024-03-17T19:09:21.905Z] <<< [apiv2][body] GET https://firebase.googleapis.com/v1beta1/projects/e-commerce-clone-2/adminSdkConfig {"projectId":"e-commerce-clone-2","databaseURL":"https://e-commerce-clone-2-default-rtdb.firebaseio.com","storageBucket":"e-commerce-clone-2.appspot.com","locationId":"us-central"}
[debug] [2024-03-17T19:09:22.580Z] <<< [apiv2][status] GET https://firebasehosting.googleapis.com/v1beta1/projects/e-commerce-clone-2/sites 200
[debug] [2024-03-17T19:09:22.581Z] <<< [apiv2][body] GET https://firebasehosting.googleapis.com/v1beta1/projects/e-commerce-clone-2/sites {"sites":[{"name":"projects/e-commerce-clone-2/sites/e-commerce-clone-2","defaultUrl":"https://e-commerce-clone-2.web.app","appId":"1:96925646877:web:9b0a6591f66f59550a46f4","type":"DEFAULT_SITE"}]}
[debug] [2024-03-17T19:09:22.582Z] >>> [apiv2][query] GET https://firebase.googleapis.com/v1beta1/projects/e-commerce-clone-2/webApps/1:96925646877:web:9b0a6591f66f59550a46f4/config [none]
[debug] [2024-03-17T19:09:23.655Z] <<< [apiv2][status] GET https://firebase.googleapis.com/v1beta1/projects/e-commerce-clone-2/webApps/1:96925646877:web:9b0a6591f66f59550a46f4/config 200
[debug] [2024-03-17T19:09:23.655Z] <<< [apiv2][body] GET https://firebase.googleapis.com/v1beta1/projects/e-commerce-clone-2/webApps/1:96925646877:web:9b0a6591f66f59550a46f4/config {"projectId":"e-commerce-clone-2","appId":"1:96925646877:web:9b0a6591f66f59550a46f4","databaseURL":"https://e-commerce-clone-2-default-rtdb.firebaseio.com","storageBucket":"e-commerce-clone-2.appspot.com","locationId":"us-central","apiKey":"AIzaSyBW2_iDmiui_U4iPVE6e8wZNWbEMcp31uE","authDomain":"e-commerce-clone-2.firebaseapp.com","messagingSenderId":"96925646877","measurementId":"G-40PQTG6HRY"}
[debug] [2024-03-17T19:09:23.669Z] >>> [apiv2][query] GET https://firebase.googleapis.com/v1beta1/projects/e-commerce-clone-2 [none]
[debug] [2024-03-17T19:09:24.190Z] <<< [apiv2][status] GET https://firebase.googleapis.com/v1beta1/projects/e-commerce-clone-2 200
[debug] [2024-03-17T19:09:24.190Z] <<< [apiv2][body] GET https://firebase.googleapis.com/v1beta1/projects/e-commerce-clone-2 {"projectId":"e-commerce-clone-2","projectNumber":"96925646877","displayName":"e-commerce-clone-2","name":"projects/e-commerce-clone-2","resources":{"hostingSite":"e-commerce-clone-2","realtimeDatabaseInstance":"e-commerce-clone-2-default-rtdb","storageBucket":"e-commerce-clone-2.appspot.com","locationId":"us-central"},"state":"ACTIVE","etag":"1_3c360192-cf2e-41ee-b673-d874bf853823"}
[info] i  functions: Watching "C:\Users\DELL\Desktop\react-folder\amazon-clone-2\amazon-clone-2\functions" for Cloud Functions... {"metadata":{"emulator":{"name":"functions"},"message":"Watching \"C:\\Users\\DELL\\Desktop\\react-folder\\amazon-clone-2\\amazon-clone-2\\functions\" for Cloud Functions..."}}
[info] i  hosting[e-commerce-clone-2]: Serving hosting files from: build {"metadata":{"emulator":{"name":"hosting"},"message":"Serving hosting files from: \u001b[1mbuild\u001b[22m"}}
[info] +  hosting[e-commerce-clone-2]: Local server: http://localhost:5000 {"metadata":{"emulator":{"name":"hosting"},"message":"Local server: \u001b[4m\u001b[1mhttp://localhost:5000\u001b[22m\u001b[24m"}}
[debug] [2024-03-17T19:09:24.232Z] Validating nodejs source
[warn] !  functions: package.json indicates an outdated version of firebase-functions. Please upgrade using npm install --save firebase-functions@latest in your functions directory. 
[debug] [2024-03-17T19:09:26.106Z] > [functions] package.json contents: {
  "name": "functions",
  "description": "Cloud Functions for Firebase",
  "scripts": {
    "lint": "eslint .",
    "serve": "firebase emulators:start --only functions",
    "shell": "firebase functions:shell",
    "start": "npm run shell",
    "deploy": "firebase deploy --only functions",
    "logs": "firebase functions:log"
  },
  "engines": {
    "node": "20"
  },
  "main": "index.js",
  "dependencies": {
    "cors": "^2.8.5",
    "express": "^4.18.2",
    "firebase-admin": "^11.5.0",
    "firebase-functions": "^4.2.0",
    "stripe": "^12.0.0"
  },
  "devDependencies": {
    "eslint": "^8.15.0",
    "eslint-config-google": "^0.14.0",
    "firebase-functions-test": "^3.0.0"
  },
  "private": true
}
[debug] [2024-03-17T19:09:26.106Z] Building nodejs source
[debug] [2024-03-17T19:09:26.107Z] Failed to find version of module node: reached end of search path C:\Users\DELL\Desktop\react-folder\amazon-clone-2\amazon-clone-2\functions\node_modules
[info] +  functions: Using node@20 from host. 
[debug] [2024-03-17T19:09:26.113Z] Could not find functions.yaml. Must use http discovery
[debug] [2024-03-17T19:09:26.130Z] Found firebase-functions binary at 'C:\Users\DELL\Desktop\react-folder\amazon-clone-2\amazon-clone-2\functions\node_modules\.bin\firebase-functions'
[info] Serving at port 8306

[debug] [2024-03-17T19:09:28.280Z] Got response from /__/functions.yaml {"endpoints":{"api":{"platform":"gcfv1","availableMemoryMb":null,"timeoutSeconds":null,"minInstances":null,"maxInstances":null,"ingressSettings":null,"serviceAccountEmail":null,"vpc":null,"httpsTrigger":{},"entryPoint":"api"}},"specVersion":"v1alpha1","requiredAPIs":[]}
[info] shutdown requested via /__/quitquitquit

[info] +  functions: Loaded functions definitions from source: api. {"metadata":{"emulator":{"name":"functions"},"message":"Loaded functions definitions from source: api."}}
[info] +  functions[us-central1-api]: http function initialized (http://localhost:5001/e-commerce-clone-2/us-central1/api). {"metadata":{"emulator":{"name":"functions"},"message":"\u001b[1mhttp\u001b[22m function initialized (http://localhost:5001/e-commerce-clone-2/us-central1/api)."}}
[debug] [2024-03-17T19:11:18.339Z] [work-queue] {"queuedWork":["/e-commerce-clone-2/us-central1/api-2024-03-17T19:11:18.339Z"],"queueLength":1,"runningWork":[],"workRunningCount":0}
[debug] [2024-03-17T19:11:18.341Z] [work-queue] {"queuedWork":[],"queueLength":0,"runningWork":["/e-commerce-clone-2/us-central1/api-2024-03-17T19:11:18.339Z"],"workRunningCount":1}
[debug] [2024-03-17T19:11:18.343Z] Accepted request GET /e-commerce-clone-2/us-central1/api --> us-central1-api
[debug] [2024-03-17T19:11:18.351Z] [functions] Runtime ready! Sending request! {"metadata":{"emulator":{"name":"functions"},"message":"[functions] Runtime ready! Sending request!"}}
[debug] [2024-03-17T19:11:18.352Z] [functions] Got req.url=/e-commerce-clone-2/us-central1/api, mapping to path=/ {"metadata":{"emulator":{"name":"functions"},"message":"[functions] Got req.url=/e-commerce-clone-2/us-central1/api, mapping to path=/"}}
[debug] [2024-03-17T19:11:18.375Z] [worker-pool] addWorker(us-central1-api) {"metadata":{"emulator":{"name":"functions"},"message":"[worker-pool] addWorker(us-central1-api)"}}
[debug] [2024-03-17T19:11:18.377Z] [worker-pool] Adding worker with key us-central1-api, total=1 {"metadata":{"emulator":{"name":"functions"},"message":"[worker-pool] Adding worker with key us-central1-api, total=1"}}
[debug] [2024-03-17T19:11:20.355Z] [runtime-status] [4484] Resolved module firebase-admin {"declared":true,"installed":true,"version":"11.6.0","resolution":"C:\\Users\\DELL\\Desktop\\react-folder\\amazon-clone-2\\amazon-clone-2\\functions\\node_modules\\firebase-admin\\lib\\index.js"} {"metadata":{"emulator":{"name":"functions"},"function":{"name":"us-central1-api"},"extension":{},"message":"[runtime-status] [4484] Resolved module firebase-admin {\"declared\":true,\"installed\":true,\"version\":\"11.6.0\",\"resolution\":\"C:\\\\Users\\\\DELL\\\\Desktop\\\\react-folder\\\\amazon-clone-2\\\\amazon-clone-2\\\\functions\\\\node_modules\\\\firebase-admin\\\\lib\\\\index.js\"}"}}
[debug] [2024-03-17T19:11:20.357Z] [runtime-status] [4484] Resolved module firebase-functions {"declared":true,"installed":true,"version":"4.2.1","resolution":"C:\\Users\\DELL\\Desktop\\react-folder\\amazon-clone-2\\amazon-clone-2\\functions\\node_modules\\firebase-functions\\lib\\v1\\index.js"} {"metadata":{"emulator":{"name":"functions"},"function":{"name":"us-central1-api"},"extension":{},"message":"[runtime-status] [4484] Resolved module firebase-functions {\"declared\":true,\"installed\":true,\"version\":\"4.2.1\",\"resolution\":\"C:\\\\Users\\\\DELL\\\\Desktop\\\\react-folder\\\\amazon-clone-2\\\\amazon-clone-2\\\\functions\\\\node_modules\\\\firebase-functions\\\\lib\\\\v1\\\\index.js\"}"}}
[debug] [2024-03-17T19:11:20.358Z] [runtime-status] [4484] Outgoing network have been stubbed. [{"name":"http","status":"mocked"},{"name":"http","status":"mocked"},{"name":"https","status":"mocked"},{"name":"https","status":"mocked"},{"name":"net","status":"mocked"}] {"metadata":{"emulator":{"name":"functions"},"function":{"name":"us-central1-api"},"extension":{},"message":"[runtime-status] [4484] Outgoing network have been stubbed. [{\"name\":\"http\",\"status\":\"mocked\"},{\"name\":\"http\",\"status\":\"mocked\"},{\"name\":\"https\",\"status\":\"mocked\"},{\"name\":\"https\",\"status\":\"mocked\"},{\"name\":\"net\",\"status\":\"mocked\"}]"}}
[debug] [2024-03-17T19:11:20.359Z] [runtime-status] [4484] Resolved module firebase-functions {"declared":true,"installed":true,"version":"4.2.1","resolution":"C:\\Users\\DELL\\Desktop\\react-folder\\amazon-clone-2\\amazon-clone-2\\functions\\node_modules\\firebase-functions\\lib\\v1\\index.js"} {"metadata":{"emulator":{"name":"functions"},"function":{"name":"us-central1-api"},"extension":{},"message":"[runtime-status] [4484] Resolved module firebase-functions {\"declared\":true,\"installed\":true,\"version\":\"4.2.1\",\"resolution\":\"C:\\\\Users\\\\DELL\\\\Desktop\\\\react-folder\\\\amazon-clone-2\\\\amazon-clone-2\\\\functions\\\\node_modules\\\\firebase-functions\\\\lib\\\\v1\\\\index.js\"}"}}
[debug] [2024-03-17T19:11:20.712Z] [runtime-status] [4484] Checked functions.config() {"config":{}} {"metadata":{"emulator":{"name":"functions"},"function":{"name":"us-central1-api"},"extension":{},"message":"[runtime-status] [4484] Checked functions.config() {\"config\":{}}"}}
[debug] [2024-03-17T19:11:20.712Z] [runtime-status] [4484] firebase-functions has been stubbed. {"functionsResolution":{"declared":true,"installed":true,"version":"4.2.1","resolution":"C:\\Users\\DELL\\Desktop\\react-folder\\amazon-clone-2\\amazon-clone-2\\functions\\node_modules\\firebase-functions\\lib\\v1\\index.js"}} {"metadata":{"emulator":{"name":"functions"},"function":{"name":"us-central1-api"},"extension":{},"message":"[runtime-status] [4484] firebase-functions has been stubbed. {\"functionsResolution\":{\"declared\":true,\"installed\":true,\"version\":\"4.2.1\",\"resolution\":\"C:\\\\Users\\\\DELL\\\\Desktop\\\\react-folder\\\\amazon-clone-2\\\\amazon-clone-2\\\\functions\\\\node_modules\\\\firebase-functions\\\\lib\\\\v1\\\\index.js\"}}"}}
[debug] [2024-03-17T19:11:20.713Z] [runtime-status] [4484] Resolved module firebase-functions {"declared":true,"installed":true,"version":"4.2.1","resolution":"C:\\Users\\DELL\\Desktop\\react-folder\\amazon-clone-2\\amazon-clone-2\\functions\\node_modules\\firebase-functions\\lib\\v1\\index.js"} {"metadata":{"emulator":{"name":"functions"},"function":{"name":"us-central1-api"},"extension":{},"message":"[runtime-status] [4484] Resolved module firebase-functions {\"declared\":true,\"installed\":true,\"version\":\"4.2.1\",\"resolution\":\"C:\\\\Users\\\\DELL\\\\Desktop\\\\react-folder\\\\amazon-clone-2\\\\amazon-clone-2\\\\functions\\\\node_modules\\\\firebase-functions\\\\lib\\\\v1\\\\index.js\"}"}}
[debug] [2024-03-17T19:11:20.715Z] [runtime-status] [4484] Resolved module firebase-admin {"declared":true,"installed":true,"version":"11.6.0","resolution":"C:\\Users\\DELL\\Desktop\\react-folder\\amazon-clone-2\\amazon-clone-2\\functions\\node_modules\\firebase-admin\\lib\\index.js"} {"metadata":{"emulator":{"name":"functions"},"function":{"name":"us-central1-api"},"extension":{},"message":"[runtime-status] [4484] Resolved module firebase-admin {\"declared\":true,\"installed\":true,\"version\":\"11.6.0\",\"resolution\":\"C:\\\\Users\\\\DELL\\\\Desktop\\\\react-folder\\\\amazon-clone-2\\\\amazon-clone-2\\\\functions\\\\node_modules\\\\firebase-admin\\\\lib\\\\index.js\"}"}}
[debug] [2024-03-17T19:11:20.726Z] [runtime-status] [4484] Resolved module firebase-functions {"declared":true,"installed":true,"version":"4.2.1","resolution":"C:\\Users\\DELL\\Desktop\\react-folder\\amazon-clone-2\\amazon-clone-2\\functions\\node_modules\\firebase-functions\\lib\\v1\\index.js"} {"metadata":{"emulator":{"name":"functions"},"function":{"name":"us-central1-api"},"extension":{},"message":"[runtime-status] [4484] Resolved module firebase-functions {\"declared\":true,\"installed\":true,\"version\":\"4.2.1\",\"resolution\":\"C:\\\\Users\\\\DELL\\\\Desktop\\\\react-folder\\\\amazon-clone-2\\\\amazon-clone-2\\\\functions\\\\node_modules\\\\firebase-functions\\\\lib\\\\v1\\\\index.js\"}"}}
[debug] [2024-03-17T19:11:20.727Z] [runtime-status] [4484] firebase-admin has been stubbed. {"adminResolution":{"declared":true,"installed":true,"version":"11.6.0","resolution":"C:\\Users\\DELL\\Desktop\\react-folder\\amazon-clone-2\\amazon-clone-2\\functions\\node_modules\\firebase-admin\\lib\\index.js"}} {"metadata":{"emulator":{"name":"functions"},"function":{"name":"us-central1-api"},"extension":{},"message":"[runtime-status] [4484] firebase-admin has been stubbed. {\"adminResolution\":{\"declared\":true,\"installed\":true,\"version\":\"11.6.0\",\"resolution\":\"C:\\\\Users\\\\DELL\\\\Desktop\\\\react-folder\\\\amazon-clone-2\\\\amazon-clone-2\\\\functions\\\\node_modules\\\\firebase-admin\\\\lib\\\\index.js\"}}"}}
[debug] [2024-03-17T19:11:20.999Z] [runtime-status] [4484] Functions runtime initialized. {"cwd":"C:\\Users\\DELL\\Desktop\\react-folder\\amazon-clone-2\\amazon-clone-2\\functions","node_version":"20.11.1"} {"metadata":{"emulator":{"name":"functions"},"function":{"name":"us-central1-api"},"extension":{},"message":"[runtime-status] [4484] Functions runtime initialized. {\"cwd\":\"C:\\\\Users\\\\DELL\\\\Desktop\\\\react-folder\\\\amazon-clone-2\\\\amazon-clone-2\\\\functions\",\"node_version\":\"20.11.1\"}"}}
[debug] [2024-03-17T19:11:20.999Z] [runtime-status] [4484] Listening to port: \\?\pipe\fire_emu_b2520a489e258e4b {"metadata":{"emulator":{"name":"functions"},"function":{"name":"us-central1-api"},"extension":{},"message":"[runtime-status] [4484] Listening to port: \\\\?\\pipe\\fire_emu_b2520a489e258e4b"}}
[debug] [2024-03-17T19:11:21.045Z] [worker-us-central1-api-b4af55ea-6b6f-4911-9fa9-2b316435a905]: IDLE {"metadata":{"emulator":{"name":"functions"},"function":{"name":"us-central1-api"},"extension":{},"message":"[worker-us-central1-api-b4af55ea-6b6f-4911-9fa9-2b316435a905]: IDLE"}}
[debug] [2024-03-17T19:11:21.046Z] [worker-pool] submitRequest(triggerId=us-central1-api) {"metadata":{"emulator":{"name":"functions"},"message":"[worker-pool] submitRequest(triggerId=us-central1-api)"}}
[info] i  functions: Beginning execution of "us-central1-api" {"metadata":{"emulator":{"name":"functions"},"function":{"name":"us-central1-api"},"extension":{},"message":"Beginning execution of \"us-central1-api\""}}
[debug] [2024-03-17T19:11:21.047Z] [worker-us-central1-api-b4af55ea-6b6f-4911-9fa9-2b316435a905]: BUSY {"metadata":{"emulator":{"name":"functions"},"function":{"name":"us-central1-api"},"extension":{},"message":"[worker-us-central1-api-b4af55ea-6b6f-4911-9fa9-2b316435a905]: BUSY"}}
[debug] [2024-03-17T19:11:21.057Z] Finishing up request with event=pause {"metadata":{"emulator":{"name":"functions"},"function":{"name":"us-central1-api"},"extension":{},"message":"Finishing up request with event=pause"}}
[info] i  functions: Finished "us-central1-api" in 10.9503ms {"metadata":{"emulator":{"name":"functions"},"function":{"name":"us-central1-api"},"extension":{},"message":"Finished \"us-central1-api\" in 10.9503ms"}}
[debug] [2024-03-17T19:11:21.058Z] [worker-us-central1-api-b4af55ea-6b6f-4911-9fa9-2b316435a905]: IDLE {"metadata":{"emulator":{"name":"functions"},"function":{"name":"us-central1-api"},"extension":{},"message":"[worker-us-central1-api-b4af55ea-6b6f-4911-9fa9-2b316435a905]: IDLE"}}
[debug] [2024-03-17T19:11:21.059Z] Finishing up request with event=finish {"metadata":{"emulator":{"name":"functions"},"function":{"name":"us-central1-api"},"extension":{},"message":"Finishing up request with event=finish"}}
[debug] [2024-03-17T19:11:21.060Z] Finishing up request with event=close {"metadata":{"emulator":{"name":"functions"},"function":{"name":"us-central1-api"},"extension":{},"message":"Finishing up request with event=close"}}
[debug] [2024-03-17T19:11:21.060Z] [work-queue] {"queuedWork":[],"queueLength":0,"runningWork":[],"workRunningCount":0}
[debug] [2024-03-17T19:11:21.145Z] Functions emulator received unknown request at path /favicon.ico
